  [1m[35m (2474.9ms)[0m  [1m[35mCREATE DATABASE "votos_development" ENCODING = 'unicode'[0m
  ↳ /usr/local/bin/rake:22
  [1m[35m (410.8ms)[0m  [1m[35mCREATE DATABASE "votos_test" ENCODING = 'unicode'[0m
  ↳ /usr/local/bin/rake:22
  [1m[35m (421.9ms)[0m  [1m[35mCREATE TABLE "schema_migrations" ("version" character varying NOT NULL PRIMARY KEY)[0m
  ↳ /usr/local/bin/rake:22
  [1m[35m (47.4ms)[0m  [1m[35mCREATE TABLE "ar_internal_metadata" ("key" character varying NOT NULL PRIMARY KEY, "value" character varying, "created_at" timestamp NOT NULL, "updated_at" timestamp NOT NULL)[0m
  ↳ /usr/local/bin/rake:22
  [1m[35m (12.4ms)[0m  [1m[34mSELECT pg_try_advisory_lock(316204418763176370)[0m
  ↳ /usr/local/bin/rake:22
  [1m[35m (9.4ms)[0m  [1m[34mSELECT "schema_migrations"."version" FROM "schema_migrations" ORDER BY "schema_migrations"."version" ASC[0m
  ↳ /usr/local/bin/rake:22
  [1m[36mActiveRecord::InternalMetadata Load (39.9ms)[0m  [1m[34mSELECT  "ar_internal_metadata".* FROM "ar_internal_metadata" WHERE "ar_internal_metadata"."key" = $1 LIMIT $2[0m  [["key", "environment"], ["LIMIT", 1]]
  ↳ /usr/local/bin/rake:22
  [1m[35m (20.6ms)[0m  [1m[35mBEGIN[0m
  ↳ /usr/local/bin/rake:22
  [1m[36mActiveRecord::InternalMetadata Create (28.5ms)[0m  [1m[32mINSERT INTO "ar_internal_metadata" ("key", "value", "created_at", "updated_at") VALUES ($1, $2, $3, $4) RETURNING "key"[0m  [["key", "environment"], ["value", "development"], ["created_at", "2019-07-11 04:10:25.553137"], ["updated_at", "2019-07-11 04:10:25.553137"]]
  ↳ /usr/local/bin/rake:22
  [1m[35m (0.4ms)[0m  [1m[35mCOMMIT[0m
  ↳ /usr/local/bin/rake:22
  [1m[35m (0.3ms)[0m  [1m[34mSELECT pg_advisory_unlock(316204418763176370)[0m
  ↳ /usr/local/bin/rake:22
  [1m[35m (0.3ms)[0m  [1m[34mSELECT "schema_migrations"."version" FROM "schema_migrations" ORDER BY "schema_migrations"."version" ASC[0m
  ↳ /usr/local/bin/rake:22
  [1m[35m (0.4ms)[0m  [1m[34mSELECT pg_try_advisory_lock(316204418763176370)[0m
  ↳ bin/rails:4
  [1m[35m (1.2ms)[0m  [1m[34mSELECT "schema_migrations"."version" FROM "schema_migrations" ORDER BY "schema_migrations"."version" ASC[0m
  ↳ bin/rails:4
Migrating to DeviseCreateModels (20190711041712)
  [1m[35m (0.3ms)[0m  [1m[35mBEGIN[0m
  ↳ bin/rails:4
  [1m[35m (501.0ms)[0m  [1m[35mCREATE TABLE "models" ("id" bigserial primary key, "email" character varying DEFAULT '' NOT NULL, "encrypted_password" character varying DEFAULT '' NOT NULL, "reset_password_token" character varying, "reset_password_sent_at" timestamp, "remember_created_at" timestamp, "created_at" timestamp NOT NULL, "updated_at" timestamp NOT NULL)[0m
  ↳ db/migrate/20190711041712_devise_create_models.rb:5
  [1m[35m (9.6ms)[0m  [1m[35mCREATE UNIQUE INDEX  "index_models_on_email" ON "models"  ("email")[0m
  ↳ db/migrate/20190711041712_devise_create_models.rb:39
  [1m[35m (3.0ms)[0m  [1m[35mCREATE UNIQUE INDEX  "index_models_on_reset_password_token" ON "models"  ("reset_password_token")[0m
  ↳ db/migrate/20190711041712_devise_create_models.rb:40
  [1m[36mActiveRecord::SchemaMigration Create (0.7ms)[0m  [1m[32mINSERT INTO "schema_migrations" ("version") VALUES ($1) RETURNING "version"[0m  [["version", "20190711041712"]]
  ↳ bin/rails:4
  [1m[35m (0.7ms)[0m  [1m[35mCOMMIT[0m
  ↳ bin/rails:4
  [1m[36mActiveRecord::InternalMetadata Load (73.2ms)[0m  [1m[34mSELECT  "ar_internal_metadata".* FROM "ar_internal_metadata" WHERE "ar_internal_metadata"."key" = $1 LIMIT $2[0m  [["key", "environment"], ["LIMIT", 1]]
  ↳ bin/rails:4
  [1m[35m (0.6ms)[0m  [1m[35mBEGIN[0m
  ↳ bin/rails:4
  [1m[35m (0.2ms)[0m  [1m[35mCOMMIT[0m
  ↳ bin/rails:4
  [1m[35m (0.6ms)[0m  [1m[34mSELECT pg_advisory_unlock(316204418763176370)[0m
  ↳ bin/rails:4
  [1m[35m (0.6ms)[0m  [1m[34mSELECT "schema_migrations"."version" FROM "schema_migrations" ORDER BY "schema_migrations"."version" ASC[0m
  ↳ bin/rails:4
